\BOOKMARK [1][-]{toc.1}{CONTENTS}{}% 1
\BOOKMARK [1][-]{section*.2}{ABSTRACT}{}% 2
\BOOKMARK [1][-]{section*.3}{R\311SUM\311}{}% 3
\BOOKMARK [1][-]{section.1}{Introduction}{}% 4
\BOOKMARK [1][-]{section.2}{Methods}{}% 5
\BOOKMARK [2][-]{subsection.2.1}{SURVEY DESIGN}{section.2}% 6
\BOOKMARK [3][-]{subsubsection.2.1.1}{STRATIFIED RANDOM SAMPLING SURVEY DESIGN COMPONENT}{subsection.2.1}% 7
\BOOKMARK [3][-]{subsubsection.2.1.2}{TRADITIONAL STANDARD SURVEY COMPONENTS}{subsection.2.1}% 8
\BOOKMARK [2][-]{subsection.2.2}{VESSELS}{section.2}% 9
\BOOKMARK [2][-]{subsection.2.3}{FISHING GEAR}{section.2}% 10
\BOOKMARK [2][-]{subsection.2.4}{FISHING OPERATIONS}{section.2}% 11
\BOOKMARK [3][-]{subsubsection.2.4.1}{Stratified Random Component \(StRS\)}{subsection.2.4}% 12
\BOOKMARK [2][-]{subsection.2.5}{CATCH PROCESSING}{section.2}% 13
\BOOKMARK [3][-]{subsubsection.2.5.1}{Sablefish Allocation Details}{subsection.2.5}% 14
\BOOKMARK [2][-]{subsection.2.6}{BIOLOGICAL SAMPLING \(LWSMO\)}{section.2}% 15
\BOOKMARK [2][-]{subsection.2.7}{SABLEFISH TAGGING}{section.2}% 16
\BOOKMARK [2][-]{subsection.2.8}{SABLEFISH TAG RECOVERY}{section.2}% 17
\BOOKMARK [2][-]{subsection.2.9}{OCEANOGRAPHIC SENSOR DATA COLLECTION}{section.2}% 18
\BOOKMARK [2][-]{subsection.2.10}{ELECTRONIC MONITORING VIDEO DATA COLLECTION}{section.2}% 19
\BOOKMARK [1][-]{section.3}{Results and Discussion}{}% 20
\BOOKMARK [2][-]{subsection.3.1}{FISHING}{section.3}% 21
\BOOKMARK [2][-]{subsection.3.2}{CATCH PER UNIT EFFORT \(CPUE\)}{section.3}% 22
\BOOKMARK [3][-]{subsubsection.3.2.1}{Stratified Random Set CPUE}{subsection.3.2}% 23
\BOOKMARK [2][-]{subsection.3.3}{CATCH COMPOSITION}{section.3}% 24
\BOOKMARK [2][-]{subsection.3.4}{SABLEFISH SAMPLING}{section.3}% 25
\BOOKMARK [2][-]{subsection.3.5}{SABLEFISH SUB-LEGAL ENCOUNTERS}{section.3}% 26
\BOOKMARK [2][-]{subsection.3.6}{RECOVERED TAGGED SABLEFISH}{section.3}% 27
\BOOKMARK [2][-]{subsection.3.7}{OTHER FISH SAMPLING}{section.3}% 28
\BOOKMARK [2][-]{subsection.3.8}{SABLEFISH AGES}{section.3}% 29
\BOOKMARK [2][-]{subsection.3.9}{OCEANOGRAPHIC TEMPERATURES AND DEPTHS}{section.3}% 30
\BOOKMARK [2][-]{subsection.3.10}{ACKNOWLEDGEMENTS}{section.3}% 31
\BOOKMARK [1][-]{section.4}{Tables}{}% 32
\BOOKMARK [1][-]{section.5}{Figures}{}% 33
\BOOKMARK [1][-]{section*.28}{Appendices}{}% 34
\BOOKMARK [1][-]{appendix.1.A}{LIST OF SABLEFISH RESEARCH AND ASSESSMENT SURVEYS.}{}% 35
\BOOKMARK [1][-]{appendix.1.B}{DATA FORMS 2020 SABLEFISH SURVEY.}{}% 36
\BOOKMARK [1][-]{appendix.1.C}{SET DETAILS 2020.}{}% 37
\BOOKMARK [1][-]{appendix.1.D}{SUMMARY OF BASKET USE BY TRAP 2020.}{}% 38
\BOOKMARK [1][-]{appendix.1.E}{SUMMARY OF SABLEFISH BIOLOGICAL DATA 2020.}{}% 39
\BOOKMARK [1][-]{appendix.1.F}{SUMMARY OF BIOLOGICAL DATA FOR ROUGHEYE/BLACKSPOTTED ROCKFISH COMPLEX.}{}% 40
